21:06:22.986 [main] DEBUG assignment.RecordMaintenanceSystem - Source File Path : C:\Users\shusharma\Desktop\newData.csv
21:06:22.989 [main] DEBUG assignment.RecordMaintenanceSystem - Target File Path : C:\Users\shusharma\Desktop\EmployeeData.dat
21:06:22.989 [main] INFO  assignment.RecordMaintenanceSystem - ******************************
21:06:22.994 [main] INFO  assignment.RecordMaintenanceSystem - Number of New records added : 0

21:06:22.994 [main] INFO  assignment.RecordMaintenanceSystem - ******************************
21:06:22.994 [main] INFO  assignment.RecordMaintenanceSystem - Number of overwritten Records : 10

21:06:22.994 [main] INFO  assignment.RecordMaintenanceSystem - ******************************
21:06:22.994 [main] INFO  assignment.RecordMaintenanceSystem - Following entries have been overwritten : 

21:06:22.995 [main] INFO  assignment.RecordMaintenanceSystem - 1, Jattin, Shimla, Male, 1700000

21:06:22.996 [main] INFO  assignment.RecordMaintenanceSystem - 2, Shubham, Mohali, Male, 600000

21:06:22.996 [main] INFO  assignment.RecordMaintenanceSystem - 3, Akshit, Kangra, Male, 400000

21:06:22.996 [main] INFO  assignment.RecordMaintenanceSystem - 4, Siraj, Kangra, Male, 600000

21:06:22.996 [main] INFO  assignment.RecordMaintenanceSystem - 9, Ankita, Hamirpur, Female, 320000

21:06:22.996 [main] INFO  assignment.RecordMaintenanceSystem - 5, Rishabh, Shimla, Male, 300000

21:06:22.996 [main] INFO  assignment.RecordMaintenanceSystem - 6, Shivang, Kullu, Male, 300000

21:06:22.996 [main] INFO  assignment.RecordMaintenanceSystem - 7, Ritwik, Bihar, Male, 1000000

21:06:22.997 [main] INFO  assignment.RecordMaintenanceSystem - 8, Palak, Mandi, Female, 300000

21:06:22.998 [main] INFO  assignment.RecordMaintenanceSystem - 7, Ritwik, Bihar, Male, 600000

21:06:22.998 [main] INFO  assignment.RecordMaintenanceSystem - ******************************
21:06:22.998 [main] INFO  assignment.RecordMaintenanceSystem - EmployeeData.dat now have the updated version of old entries and new entries. 

21:06:22.998 [main] INFO  assignment.RecordMaintenanceSystem - oldData.csv Have the overwritten data
21:06:49.739 [main] DEBUG assignment.RecordMaintenanceSystem - Source File Path : C:\Users\shusharma\Desktop\newData.csv
21:06:49.741 [main] DEBUG assignment.RecordMaintenanceSystem - Target File Path : C:\Users\shusharma\Desktop\EmployeeData.dat
21:06:49.742 [main] INFO  assignment.RecordMaintenanceSystem - ******************************
21:06:49.743 [main] FATAL assignment.RecordMaintenanceSystem - An exception has occured - java.io.FileNotFoundException: Source File not found
21:07:17.824 [main] DEBUG assignment.RecordMaintenanceSystem - Source File Path : C:\Users\shusharma\Desktop\newData.csv
21:07:17.827 [main] DEBUG assignment.RecordMaintenanceSystem - Target File Path : C:\Users\shusharma\Desktop\EmployeeData.dat
21:07:17.827 [main] INFO  assignment.RecordMaintenanceSystem - ******************************
21:07:17.828 [main] ERROR assignment.RecordMaintenanceSystem - Target File not found
21:07:17.831 [main] INFO  assignment.RecordMaintenanceSystem - Number of New records added : 9

21:07:17.831 [main] INFO  assignment.RecordMaintenanceSystem - ******************************
21:07:17.831 [main] INFO  assignment.RecordMaintenanceSystem - Number of overwritten Records : 1

21:07:17.831 [main] INFO  assignment.RecordMaintenanceSystem - ******************************
21:07:17.832 [main] INFO  assignment.RecordMaintenanceSystem - Following entries have been overwritten : 

21:07:17.833 [main] INFO  assignment.RecordMaintenanceSystem - 7, Ritwik, Bihar, Male, 600000

21:07:17.834 [main] INFO  assignment.RecordMaintenanceSystem - ******************************
21:07:17.835 [main] INFO  assignment.RecordMaintenanceSystem - EmployeeData.dat now have the updated version of old entries and new entries. 

21:07:17.835 [main] INFO  assignment.RecordMaintenanceSystem - oldData.csv Have the overwritten data
21:08:39.411 [main] DEBUG assignment.RecordMaintenanceSystem - Source File Path : C:\Users\shusharma\Desktop\newData.csv
21:08:39.414 [main] DEBUG assignment.RecordMaintenanceSystem - Target File Path : C:\Users\shusharma\Desktop\EmployeeData.dat
21:08:39.414 [main] INFO  assignment.RecordMaintenanceSystem - ******************************
21:08:39.415 [main] ERROR assignment.RecordMaintenanceSystem - Target File not found
21:08:39.419 [main] INFO  assignment.RecordMaintenanceSystem - Number of New records added : 9

21:08:39.419 [main] INFO  assignment.RecordMaintenanceSystem - ******************************
21:08:39.420 [main] INFO  assignment.RecordMaintenanceSystem - Number of overwritten Records : 1

21:08:39.420 [main] INFO  assignment.RecordMaintenanceSystem - ******************************
21:08:39.420 [main] INFO  assignment.RecordMaintenanceSystem - Following entries have been overwritten : 

21:08:39.421 [main] INFO  assignment.RecordMaintenanceSystem - 7, Ritwik, Bihar, Male, 600000

21:08:39.422 [main] INFO  assignment.RecordMaintenanceSystem - ******************************
21:08:39.423 [main] INFO  assignment.RecordMaintenanceSystem - EmployeeData.dat now have the updated version of old entries and new entries. 

21:08:39.423 [main] INFO  assignment.RecordMaintenanceSystem - oldData.csv Have the overwritten data
21:08:52.520 [main] DEBUG assignment.RecordMaintenanceSystem - Source File Path : C:\Users\shusharma\Desktop\newData.csv
21:08:52.523 [main] DEBUG assignment.RecordMaintenanceSystem - Target File Path : C:\Users\shusharma\Desktop\EmployeeData.dat
21:08:52.524 [main] INFO  assignment.RecordMaintenanceSystem - ******************************
21:08:52.528 [main] INFO  assignment.RecordMaintenanceSystem - Number of New records added : 0

21:08:52.528 [main] INFO  assignment.RecordMaintenanceSystem - ******************************
21:08:52.528 [main] INFO  assignment.RecordMaintenanceSystem - Number of overwritten Records : 10

21:08:52.528 [main] INFO  assignment.RecordMaintenanceSystem - ******************************
21:08:52.528 [main] INFO  assignment.RecordMaintenanceSystem - Following entries have been overwritten : 

21:08:52.530 [main] INFO  assignment.RecordMaintenanceSystem - 1, Jattin, Shimla, Male, 1700000

21:08:52.530 [main] INFO  assignment.RecordMaintenanceSystem - 2, Shubham, Mohali, Male, 600000

21:08:52.530 [main] INFO  assignment.RecordMaintenanceSystem - 3, Akshit, Kangra, Male, 400000

21:08:52.530 [main] INFO  assignment.RecordMaintenanceSystem - 4, Siraj, Kangra, Male, 600000

21:08:52.531 [main] INFO  assignment.RecordMaintenanceSystem - 9, Ankita, Hamirpur, Female, 320000

21:08:52.531 [main] INFO  assignment.RecordMaintenanceSystem - 5, Rishabh, Shimla, Male, 300000

21:08:52.531 [main] INFO  assignment.RecordMaintenanceSystem - 6, Shivang, Kullu, Male, 300000

21:08:52.531 [main] INFO  assignment.RecordMaintenanceSystem - 7, Ritwik, Bihar, Male, 1000000

21:08:52.531 [main] INFO  assignment.RecordMaintenanceSystem - 8, Palak, Mandi, Female, 300000

21:08:52.531 [main] INFO  assignment.RecordMaintenanceSystem - 7, Ritwik, Bihar, Male, 600000

21:08:52.533 [main] INFO  assignment.RecordMaintenanceSystem - ******************************
21:08:52.533 [main] INFO  assignment.RecordMaintenanceSystem - EmployeeData.dat now have the updated version of old entries and new entries. 

21:08:52.533 [main] INFO  assignment.RecordMaintenanceSystem - oldData.csv Have the overwritten data
21:09:16.969 [main] DEBUG assignment.RecordMaintenanceSystem - Source File Path : C:\Users\shusharma\Desktop\newta.csv
21:09:16.971 [main] DEBUG assignment.RecordMaintenanceSystem - Target File Path : C:\Users\shusharma\Desktop\EmployeeData.dat
21:09:16.971 [main] INFO  assignment.RecordMaintenanceSystem - ******************************
21:09:16.973 [main] FATAL assignment.RecordMaintenanceSystem - An exception has occured - java.io.FileNotFoundException: Source File not found
21:12:01.437 [main] DEBUG assignment.RecordMaintenanceSystem - Source File Path : C:\Users\shusharma\Desktop\newData.csv
21:12:01.439 [main] DEBUG assignment.RecordMaintenanceSystem - Target File Path : C:\Users\shusharma\Desktop\EmployeeData.dat
21:12:01.440 [main] INFO  assignment.RecordMaintenanceSystem - ******************************
21:12:01.441 [main] ERROR assignment.RecordMaintenanceSystem - Target File not found
21:12:01.444 [main] INFO  assignment.RecordMaintenanceSystem - Number of New records added : 9

21:12:01.444 [main] INFO  assignment.RecordMaintenanceSystem - ******************************
21:12:01.444 [main] INFO  assignment.RecordMaintenanceSystem - Number of overwritten Records : 1

21:12:01.444 [main] INFO  assignment.RecordMaintenanceSystem - ******************************
21:12:01.444 [main] INFO  assignment.RecordMaintenanceSystem - Following entries have been overwritten : 

21:12:01.446 [main] INFO  assignment.RecordMaintenanceSystem - 7, Ritwik, Bihar, Male, 600000

21:12:01.447 [main] INFO  assignment.RecordMaintenanceSystem - ******************************
21:12:01.448 [main] INFO  assignment.RecordMaintenanceSystem - EmployeeData.dat now have the updated version of old entries and new entries. 

21:12:01.448 [main] INFO  assignment.RecordMaintenanceSystem - oldData.csv Have the overwritten data
21:21:51.572 [main] DEBUG assignment.RecordMaintenanceSystem - Source File Path : C:\Users\shusharma\Desktop\newData.csv
21:21:51.576 [main] DEBUG assignment.RecordMaintenanceSystem - Target File Path : C:\Users\shusharma\Desktop\EmployeeData.dat
21:21:51.576 [main] INFO  assignment.RecordMaintenanceSystem - ******************************
21:21:51.581 [main] INFO  assignment.RecordMaintenanceSystem - Number of New records added : 3

21:21:51.581 [main] INFO  assignment.RecordMaintenanceSystem - ******************************
21:21:51.581 [main] INFO  assignment.RecordMaintenanceSystem - Number of overwritten Records : 10

21:21:51.582 [main] INFO  assignment.RecordMaintenanceSystem - ******************************
21:21:51.582 [main] INFO  assignment.RecordMaintenanceSystem - Following entries have been overwritten : 

21:21:51.583 [main] INFO  assignment.RecordMaintenanceSystem - 1, Jattin, H.P, Male, 500000

21:21:51.584 [main] INFO  assignment.RecordMaintenanceSystem - 1, Jattin, Himachal, Male, 600000

21:21:51.584 [main] INFO  assignment.RecordMaintenanceSystem - 3, Akshit, H.P, Male, 400000

21:21:51.584 [main] INFO  assignment.RecordMaintenanceSystem - 1, Jattin, Himachal, Male, 700000

21:21:51.584 [main] INFO  assignment.RecordMaintenanceSystem - 2, Shubham, P.B, Male, 600000

21:21:51.584 [main] INFO  assignment.RecordMaintenanceSystem - 3, Akshit, H.P, Male, 400000

21:21:51.584 [main] INFO  assignment.RecordMaintenanceSystem - 4, Siraj, Kangra, Male, 600000

21:21:51.584 [main] INFO  assignment.RecordMaintenanceSystem - 5, Rishabh, H.P, Male, 300000

21:21:51.584 [main] INFO  assignment.RecordMaintenanceSystem - 6, Shivang, Kullu, Male, 300000

21:21:51.584 [main] INFO  assignment.RecordMaintenanceSystem - 7, Ritwik, Bihar, Male, 600000

21:21:51.587 [main] INFO  assignment.RecordMaintenanceSystem - ******************************
21:21:51.587 [main] INFO  assignment.RecordMaintenanceSystem - EmployeeData.dat now have the updated version of old entries and new entries. 

21:21:51.587 [main] INFO  assignment.RecordMaintenanceSystem - oldData.csv Have the overwritten data
21:22:12.856 [main] DEBUG assignment.RecordMaintenanceSystem - Source File Path : C:\Users\shusharma\Desktop\newData.csv
21:22:12.859 [main] DEBUG assignment.RecordMaintenanceSystem - Target File Path : C:\Users\shusharma\Desktop\EmployeeData.dat
21:22:12.859 [main] INFO  assignment.RecordMaintenanceSystem - ******************************
21:22:12.860 [main] ERROR assignment.RecordMaintenanceSystem - Target File not found, new one will be created
21:22:12.863 [main] INFO  assignment.RecordMaintenanceSystem - Number of New records added : 9

21:22:12.863 [main] INFO  assignment.RecordMaintenanceSystem - ******************************
21:22:12.863 [main] INFO  assignment.RecordMaintenanceSystem - Number of overwritten Records : 1

21:22:12.863 [main] INFO  assignment.RecordMaintenanceSystem - ******************************
21:22:12.864 [main] INFO  assignment.RecordMaintenanceSystem - Following entries have been overwritten : 

21:22:12.865 [main] INFO  assignment.RecordMaintenanceSystem - 7, Ritwik, Bihar, Male, 600000

21:22:12.866 [main] INFO  assignment.RecordMaintenanceSystem - ******************************
21:22:12.867 [main] INFO  assignment.RecordMaintenanceSystem - EmployeeData.dat now have the updated version of old entries and new entries. 

21:22:12.867 [main] INFO  assignment.RecordMaintenanceSystem - oldData.csv Have the overwritten data
21:23:17.815 [main] DEBUG assignment.RecordMaintenanceSystem - Source File Path : defaultFiles\newData.csv
21:23:17.818 [main] DEBUG assignment.RecordMaintenanceSystem - Target File Path : defaultFiles\EmployeeData.dat
21:23:17.818 [main] INFO  assignment.RecordMaintenanceSystem - ******************************
21:23:17.822 [main] INFO  assignment.RecordMaintenanceSystem - Number of New records added : 3

21:23:17.822 [main] INFO  assignment.RecordMaintenanceSystem - ******************************
21:23:17.822 [main] INFO  assignment.RecordMaintenanceSystem - Number of overwritten Records : 10

21:23:17.823 [main] INFO  assignment.RecordMaintenanceSystem - ******************************
21:23:17.823 [main] INFO  assignment.RecordMaintenanceSystem - Following entries have been overwritten : 

21:23:17.824 [main] INFO  assignment.RecordMaintenanceSystem - 1, Jattin, H.P, Male, 500000

21:23:17.825 [main] INFO  assignment.RecordMaintenanceSystem - 1, Jattin, Himachal, Male, 600000

21:23:17.825 [main] INFO  assignment.RecordMaintenanceSystem - 3, Akshit, H.P, Male, 400000

21:23:17.825 [main] INFO  assignment.RecordMaintenanceSystem - 1, Jattin, Himachal, Male, 700000

21:23:17.825 [main] INFO  assignment.RecordMaintenanceSystem - 2, Shubham, P.B, Male, 600000

21:23:17.825 [main] INFO  assignment.RecordMaintenanceSystem - 3, Akshit, H.P, Male, 400000

21:23:17.825 [main] INFO  assignment.RecordMaintenanceSystem - 4, Siraj, Kangra, Male, 600000

21:23:17.825 [main] INFO  assignment.RecordMaintenanceSystem - 5, Rishabh, H.P, Male, 300000

21:23:17.826 [main] INFO  assignment.RecordMaintenanceSystem - 6, Shivang, Kullu, Male, 300000

21:23:17.826 [main] INFO  assignment.RecordMaintenanceSystem - 7, Ritwik, Bihar, Male, 600000

21:23:17.827 [main] INFO  assignment.RecordMaintenanceSystem - ******************************
21:23:17.827 [main] INFO  assignment.RecordMaintenanceSystem - EmployeeData.dat now have the updated version of old entries and new entries. 

21:23:17.827 [main] INFO  assignment.RecordMaintenanceSystem - oldData.csv Have the overwritten data
21:24:06.873 [main] DEBUG assignment.RecordMaintenanceSystem - Source File Path : defaultFiles\newData.csv
21:24:06.876 [main] DEBUG assignment.RecordMaintenanceSystem - Target File Path : defaultFiles\EmployeeData.dat
21:24:06.876 [main] INFO  assignment.RecordMaintenanceSystem - ******************************
21:24:06.877 [main] ERROR assignment.RecordMaintenanceSystem - Target File not found, new one will be created
21:24:06.880 [main] INFO  assignment.RecordMaintenanceSystem - Number of New records added : 9

21:24:06.880 [main] INFO  assignment.RecordMaintenanceSystem - ******************************
21:24:06.880 [main] INFO  assignment.RecordMaintenanceSystem - Number of overwritten Records : 1

21:24:06.880 [main] INFO  assignment.RecordMaintenanceSystem - ******************************
21:24:06.880 [main] INFO  assignment.RecordMaintenanceSystem - Following entries have been overwritten : 

21:24:06.881 [main] INFO  assignment.RecordMaintenanceSystem - 7, Ritwik, Bihar, Male, 600000

21:24:06.882 [main] INFO  assignment.RecordMaintenanceSystem - ******************************
21:24:06.882 [main] INFO  assignment.RecordMaintenanceSystem - EmployeeData.dat now have the updated version of old entries and new entries. 

21:24:06.883 [main] INFO  assignment.RecordMaintenanceSystem - oldData.csv Have the overwritten data
10:47:39.737 [main] DEBUG assignment.RecordMaintenanceSystem - Source File Path : defaultFiles\newData.csv
10:47:39.738 [main] DEBUG assignment.RecordMaintenanceSystem - Target File Path : defaultFiles\EmployeeData.dat
10:47:39.738 [main] INFO  assignment.RecordMaintenanceSystem - ******************************
10:47:39.739 [main] ERROR assignment.RecordMaintenanceSystem - Target File not found, new one will be created
10:47:39.742 [main] INFO  assignment.RecordMaintenanceSystem - Number of New records added : 9

10:47:39.742 [main] INFO  assignment.RecordMaintenanceSystem - ******************************
10:47:39.742 [main] INFO  assignment.RecordMaintenanceSystem - Number of overwritten Records : 1

10:47:39.742 [main] INFO  assignment.RecordMaintenanceSystem - ******************************
10:47:39.742 [main] INFO  assignment.RecordMaintenanceSystem - Following entries have been overwritten : 

10:47:39.743 [main] INFO  assignment.RecordMaintenanceSystem - 7, Ritwik, Bihar, Male, 600000

10:47:39.744 [main] INFO  assignment.RecordMaintenanceSystem - ******************************
10:47:39.744 [main] INFO  assignment.RecordMaintenanceSystem - EmployeeData.dat now have the updated version of old entries and new entries. 

10:47:39.744 [main] INFO  assignment.RecordMaintenanceSystem - defaultFiles\oldData.csv Have the overwritten data
10:48:22.657 [main] DEBUG assignment.RecordMaintenanceSystem - Source File Path : defaultFiles\newData.csv
10:48:22.660 [main] DEBUG assignment.RecordMaintenanceSystem - Target File Path : defaultFiles\EmployeeData.dat
10:48:22.660 [main] INFO  assignment.RecordMaintenanceSystem - ******************************
10:48:22.662 [main] INFO  assignment.RecordMaintenanceSystem - Number of New records added : 3

10:48:22.663 [main] INFO  assignment.RecordMaintenanceSystem - ******************************
10:48:22.663 [main] INFO  assignment.RecordMaintenanceSystem - Number of overwritten Records : 10

10:48:22.664 [main] INFO  assignment.RecordMaintenanceSystem - ******************************
10:48:22.664 [main] INFO  assignment.RecordMaintenanceSystem - Following entries have been overwritten : 

10:48:22.664 [main] INFO  assignment.RecordMaintenanceSystem - 1, Jattin, H.P, Male, 500000

10:48:22.664 [main] INFO  assignment.RecordMaintenanceSystem - 1, Jattin, Himachal, Male, 600000

10:48:22.664 [main] INFO  assignment.RecordMaintenanceSystem - 3, Akshit, H.P, Male, 400000

10:48:22.664 [main] INFO  assignment.RecordMaintenanceSystem - 1, Jattin, Himachal, Male, 700000

10:48:22.665 [main] INFO  assignment.RecordMaintenanceSystem - 2, Shubham, P.B, Male, 600000

10:48:22.665 [main] INFO  assignment.RecordMaintenanceSystem - 3, Akshit, H.P, Male, 400000

10:48:22.665 [main] INFO  assignment.RecordMaintenanceSystem - 4, Siraj, Kangra, Male, 600000

10:48:22.665 [main] INFO  assignment.RecordMaintenanceSystem - 5, Rishabh, H.P, Male, 300000

10:48:22.665 [main] INFO  assignment.RecordMaintenanceSystem - 6, Shivang, Kullu, Male, 300000

10:48:22.665 [main] INFO  assignment.RecordMaintenanceSystem - 7, Ritwik, Bihar, Male, 600000

10:48:22.667 [main] INFO  assignment.RecordMaintenanceSystem - ******************************
10:48:22.667 [main] INFO  assignment.RecordMaintenanceSystem - EmployeeData.dat now have the updated version of old entries and new entries. 

10:48:22.667 [main] INFO  assignment.RecordMaintenanceSystem - defaultFiles\oldData.csv Have the overwritten data
10:48:34.703 [main] DEBUG assignment.RecordMaintenanceSystem - Source File Path : defaultFiles\newData.csv
10:48:34.705 [main] DEBUG assignment.RecordMaintenanceSystem - Target File Path : defaultFiles\EmployeeData.dat
10:48:34.705 [main] INFO  assignment.RecordMaintenanceSystem - ******************************
10:48:34.706 [main] FATAL assignment.RecordMaintenanceSystem - An exception has occured - java.io.FileNotFoundException: Source File not found
10:50:01.132 [main] DEBUG assignment.RecordMaintenanceSystem - Source File Path : C:\Users\shusharma\Desktop\newData.dat
10:50:01.134 [main] DEBUG assignment.RecordMaintenanceSystem - Target File Path : C:\Users\shusharma\Desktop\EmployeeDat.dat
10:50:01.134 [main] INFO  assignment.RecordMaintenanceSystem - ******************************
10:50:01.135 [main] ERROR assignment.RecordMaintenanceSystem - Target File not found, new one will be created
10:50:01.135 [main] FATAL assignment.RecordMaintenanceSystem - An exception has occured - java.io.FileNotFoundException: Source File not found
10:50:22.985 [main] DEBUG assignment.RecordMaintenanceSystem - Source File Path : C:\Users\shusharma\Desktop\newData.csv
10:50:22.986 [main] DEBUG assignment.RecordMaintenanceSystem - Target File Path : C:\Users\shusharma\Desktop\EmployeeDat.dat
10:50:22.986 [main] INFO  assignment.RecordMaintenanceSystem - ******************************
10:50:22.987 [main] ERROR assignment.RecordMaintenanceSystem - Target File not found, new one will be created
10:50:22.989 [main] INFO  assignment.RecordMaintenanceSystem - Number of New records added : 9

10:50:22.990 [main] INFO  assignment.RecordMaintenanceSystem - ******************************
10:50:22.990 [main] INFO  assignment.RecordMaintenanceSystem - Number of overwritten Records : 1

10:50:22.990 [main] INFO  assignment.RecordMaintenanceSystem - ******************************
10:50:22.990 [main] INFO  assignment.RecordMaintenanceSystem - Following entries have been overwritten : 

10:50:22.991 [main] INFO  assignment.RecordMaintenanceSystem - 7, Ritwik, Bihar, Male, 600000

10:50:22.992 [main] INFO  assignment.RecordMaintenanceSystem - ******************************
10:50:22.992 [main] INFO  assignment.RecordMaintenanceSystem - EmployeeData.dat now have the updated version of old entries and new entries. 

10:50:22.992 [main] INFO  assignment.RecordMaintenanceSystem - defaultFiles\oldData.csv Have the overwritten data
10:50:40.121 [main] DEBUG assignment.RecordMaintenanceSystem - Source File Path : C:\Users\shusharma\Desktop\newData.csv
10:50:40.123 [main] DEBUG assignment.RecordMaintenanceSystem - Target File Path : C:\Users\shusharma\Desktop\EmployeeData.dat
10:50:40.123 [main] INFO  assignment.RecordMaintenanceSystem - ******************************
10:50:40.126 [main] INFO  assignment.RecordMaintenanceSystem - Number of New records added : 3

10:50:40.126 [main] INFO  assignment.RecordMaintenanceSystem - ******************************
10:50:40.126 [main] INFO  assignment.RecordMaintenanceSystem - Number of overwritten Records : 10

10:50:40.126 [main] INFO  assignment.RecordMaintenanceSystem - ******************************
10:50:40.126 [main] INFO  assignment.RecordMaintenanceSystem - Following entries have been overwritten : 

10:50:40.127 [main] INFO  assignment.RecordMaintenanceSystem - 1, Jattin, H.P, Male, 500000

10:50:40.128 [main] INFO  assignment.RecordMaintenanceSystem - 1, Jattin, Himachal, Male, 600000

10:50:40.128 [main] INFO  assignment.RecordMaintenanceSystem - 3, Akshit, H.P, Male, 400000

10:50:40.128 [main] INFO  assignment.RecordMaintenanceSystem - 1, Jattin, Himachal, Male, 700000

10:50:40.128 [main] INFO  assignment.RecordMaintenanceSystem - 2, Shubham, P.B, Male, 600000

10:50:40.128 [main] INFO  assignment.RecordMaintenanceSystem - 3, Akshit, H.P, Male, 400000

10:50:40.128 [main] INFO  assignment.RecordMaintenanceSystem - 4, Siraj, Kangra, Male, 600000

10:50:40.128 [main] INFO  assignment.RecordMaintenanceSystem - 5, Rishabh, H.P, Male, 300000

10:50:40.128 [main] INFO  assignment.RecordMaintenanceSystem - 6, Shivang, Kullu, Male, 300000

10:50:40.128 [main] INFO  assignment.RecordMaintenanceSystem - 7, Ritwik, Bihar, Male, 600000

10:50:40.129 [main] INFO  assignment.RecordMaintenanceSystem - ******************************
10:50:40.129 [main] INFO  assignment.RecordMaintenanceSystem - EmployeeData.dat now have the updated version of old entries and new entries. 

10:50:40.130 [main] INFO  assignment.RecordMaintenanceSystem - defaultFiles\oldData.csv Have the overwritten data
